0 silly input [ 'start' ]
1 silly flags { _: [ 'run' ],
1 silly flags   'reject-cycles': false,
1 silly flags   rejectCycles: false,
1 silly flags   stream: true,
1 silly flags   script: 'start',
1 silly flags   args: [] }
2 verbose rootPath D:\Projects\@github.com\loopmode@github\electron-webpack-workspace-cra
3 info version 2.11.0
4 silly existsSync D:\Projects\@github.com\loopmode@github\electron-webpack-workspace-cra\VERSION
5 info versioning independent
6 silly initialize attempt
7 silly initialize success
8 silly execute attempt
9 silly runScriptInPackageStreaming [ 'start', [], '@app/core' ]
10 silly getExecOpts { cwd:
10 silly getExecOpts    'D:\\Projects\\@github.com\\loopmode@github\\electron-webpack-workspace-cra\\packages\\core' }
11 silly runScriptInPackageStreaming [ 'start', [], '@app/electron' ]
12 silly getExecOpts { cwd:
12 silly getExecOpts    'D:\\Projects\\@github.com\\loopmode@github\\electron-webpack-workspace-cra\\packages\\electron' }
13 silly runScriptInPackageStreaming [ 'start', [], '@app/web' ]
14 silly getExecOpts { cwd:
14 silly getExecOpts    'D:\\Projects\\@github.com\\loopmode@github\\electron-webpack-workspace-cra\\packages\\web' }
15 error execute callback with error
16 error Error: Command failed: yarn run start
16 error
16 error There might be a problem with the project dependency tree.
16 error It is likely not a bug in Create React App, but something you need to fix locally.
16 error
16 error The react-scripts package provided by Create React App requires a dependency:
16 error
16 error   "babel-jest": "24.7.1"
16 error
16 error Don't try to install it manually: your package manager does it automatically.
16 error However, a different version of babel-jest was detected higher up in the tree:
16 error
16 error   D:\Projects\@github.com\loopmode@github\electron-webpack-workspace-cra\node_modules\babel-jest (version: 24.8.0)
16 error
16 error Manually installing incompatible versions is known to cause hard-to-debug issues.
16 error
16 error If you would prefer to ignore this check, add SKIP_PREFLIGHT_CHECK=true to an .env file in your project.
16 error That will permanently disable this message but you might encounter other issues.
16 error
16 error To fix the dependency tree, try following the steps below in the exact order:
16 error
16 error   1. Delete package-lock.json (not package.json!) and/or yarn.lock in your project folder.
16 error   2. Delete node_modules in your project folder.
16 error   3. Remove "babel-jest" from dependencies and/or devDependencies in the package.json file in your project folder.
16 error   4. Run npm install or yarn, depending on the package manager you use.
16 error
16 error In most cases, this should be enough to fix the problem.
16 error If this has not helped, there are a few other things you can try:
16 error
16 error   5. If you used npm, install yarn (http://yarnpkg.com/) and repeat the above steps with it instead.
16 error      This may help because npm has known issues with package hoisting which may get resolved in future versions.
16 error
16 error   6. Check if D:\Projects\@github.com\loopmode@github\electron-webpack-workspace-cra\node_modules\babel-jest is outside your project directory.
16 error      For example, you might have accidentally installed something in your home folder.
16 error
16 error   7. Try running npm ls babel-jest in your project folder.
16 error      This will tell you which other package (apart from the expected react-scripts) installed babel-jest.
16 error
16 error If nothing else helps, add SKIP_PREFLIGHT_CHECK=true to an .env file in your project.
16 error That would permanently disable this preflight check in case you want to proceed anyway.
16 error
16 error P.S. We know this message is long but please read the steps above :-) We hope you find them helpful!
16 error
16 error error Command failed with exit code 1.
16 error
16 error $ react-scripts start
16 error info Visit https://yarnpkg.com/en/docs/cli/run for documentation about this command.
16 error
16 error     at Promise.all.then.arr (D:\Projects\@github.com\loopmode@github\electron-webpack-workspace-cra\node_modules\lerna\node_modules\execa\index.js:236:11)
